<?xml version="1.0" encoding="UTF-8"?>
<!-- Generated by org.testng.reporters.JUnitXMLReporter -->
<testsuite ignored="0" hostname="Pranav" failures="0" tests="3" name="Default test" time="26.493" errors="0" timestamp="2025-04-08T10:19:11 IST">
  <testcase classname="DataDrivenTesting.Demo_DDT" name="login" time="12.547"/>
  <testcase classname="DataDrivenTesting.Demo_DDT" name="login" time="5.797"/>
  <testcase classname="DataDrivenTesting.Demo_DDT" name="login" time="8.023"/>
</testsuite> <!-- Default test -->
