<?xml version="1.0" encoding="UTF-8"?>
<testng-results ignored="0" total="3" passed="3" failed="0" skipped="0">
  <reporter-output>
  </reporter-output>
  <suite started-at="2025-04-08T10:18:44 IST" name="Default suite" finished-at="2025-04-08T10:19:11 IST" duration-ms="26493">
    <groups>
    </groups>
    <test started-at="2025-04-08T10:18:44 IST" name="Default test" finished-at="2025-04-08T10:19:11 IST" duration-ms="26493">
      <class name="DataDrivenTesting.Demo_DDT">
        <test-method signature="login(java.lang.String,java.lang.String)[pri:0, instance:DataDrivenTesting.Demo_DDT@55182842]" started-at="2025-04-08T10:18:44 IST" name="login" data-provider="login" finished-at="2025-04-08T10:18:57 IST" duration-ms="12547" status="PASS">
          <params>
            <param index="0">
              <value>
                <![CDATA[pranav@gmail.com]]>
              </value>
            </param>
            <param index="1">
              <value>
                <![CDATA[Pranav123]]>
              </value>
            </param>
          </params>
          <reporter-output>
          </reporter-output>
        </test-method> <!-- login -->
        <test-method signature="login(java.lang.String,java.lang.String)[pri:0, instance:DataDrivenTesting.Demo_DDT@55182842]" started-at="2025-04-08T10:18:57 IST" name="login" data-provider="login" finished-at="2025-04-08T10:19:02 IST" duration-ms="5797" status="PASS">
          <params>
            <param index="0">
              <value>
                <![CDATA[akshay@gmail.com]]>
              </value>
            </param>
            <param index="1">
              <value>
                <![CDATA[Akshay123]]>
              </value>
            </param>
          </params>
          <reporter-output>
          </reporter-output>
        </test-method> <!-- login -->
        <test-method signature="login(java.lang.String,java.lang.String)[pri:0, instance:DataDrivenTesting.Demo_DDT@55182842]" started-at="2025-04-08T10:19:02 IST" name="login" data-provider="login" finished-at="2025-04-08T10:19:10 IST" duration-ms="8023" status="PASS">
          <params>
            <param index="0">
              <value>
                <![CDATA[aniket@gmail.com]]>
              </value>
            </param>
            <param index="1">
              <value>
                <![CDATA[Aniket123]]>
              </value>
            </param>
          </params>
          <reporter-output>
          </reporter-output>
        </test-method> <!-- login -->
      </class> <!-- DataDrivenTesting.Demo_DDT -->
    </test> <!-- Default test -->
  </suite> <!-- Default suite -->
</testng-results>
